\BOOKMARK [0][-]{chapter.1}{Introdu\347\343o}{}% 1
\BOOKMARK [1][-]{section.1.1}{Linguagem de programa\347\343o imperativa simples}{chapter.1}% 2
\BOOKMARK [1][-]{section.1.2}{Arquitetura}{chapter.1}% 3
\BOOKMARK [1][-]{section.1.3}{Estruturas de dados}{chapter.1}% 4
\BOOKMARK [2][-]{subsection.1.3.1}{Stack}{section.1.3}% 5
\BOOKMARK [2][-]{subsection.1.3.2}{HashMap}{section.1.3}% 6
\BOOKMARK [0][-]{chapter.2}{Compilador}{}% 7
\BOOKMARK [1][-]{section.2.1}{Analisador l\351xico}{chapter.2}% 8
\BOOKMARK [1][-]{section.2.2}{Analisador sint\341tico/sem\342ntico}{chapter.2}% 9
\BOOKMARK [1][-]{section.2.3}{Gera\347\343o de c\363digo m\341quina}{chapter.2}% 10
\BOOKMARK [2][-]{subsection.2.3.1}{Fun\347\365es}{section.2.3}% 11
\BOOKMARK [0][-]{chapter.3}{Testes}{}% 12
\BOOKMARK [1][-]{subsection.3.0.2}{Teste 1}{chapter.3}% 13
\BOOKMARK [2][-]{subsection.3.0.3}{Teste 2}{subsection.3.0.2}% 14
\BOOKMARK [2][-]{subsection.3.0.4}{Teste 3}{subsection.3.0.2}% 15
\BOOKMARK [2][-]{subsection.3.0.5}{Teste 4}{subsection.3.0.2}% 16
\BOOKMARK [2][-]{subsection.3.0.6}{Teste 5}{subsection.3.0.2}% 17
\BOOKMARK [0][-]{chapter.4}{Conclus\343o}{}% 18
\BOOKMARK [0][-]{chapter.5}{Anexos}{}% 19
\BOOKMARK [1][-]{section.5.1}{parser.l}{chapter.5}% 20
\BOOKMARK [1][-]{section.5.2}{compiler.y}{chapter.5}% 21
\BOOKMARK [1][-]{section.5.3}{vmCompiler.c}{chapter.5}% 22
